<?xml version="1.0" encoding="UTF-8"?>
<!-- Generated by org.testng.reporters.JUnitReportReporter -->
<testsuite hostname="LAPTOP-E6SRQGTN" failures="0" tests="5" name="Kamal.JavaSeleniumBasics.SeleniumBasicConcepts.Chapter3_AllAnotations" time="0.031" errors="0" timestamp="2025-12-29T08:07:25 IST" skipped="1">
  <testcase classname="Kamal.JavaSeleniumBasics.SeleniumBasicConcepts.Chapter3_AllAnotations" name="test3" time="0.013"/>
  <testcase classname="Kamal.JavaSeleniumBasics.SeleniumBasicConcepts.Chapter3_AllAnotations" name="test5" time="0.006"/>
  <testcase classname="Kamal.JavaSeleniumBasics.SeleniumBasicConcepts.Chapter3_AllAnotations" name="test1" time="0.004"/>
  <testcase classname="Kamal.JavaSeleniumBasics.SeleniumBasicConcepts.Chapter3_AllAnotations" name="test4" time="0.008"/>
  <testcase classname="Kamal.JavaSeleniumBasics.SeleniumBasicConcepts.Chapter3_AllAnotations" name="test2">
    <skipped/>
  </testcase> <!-- test2 -->
</testsuite> <!-- Kamal.JavaSeleniumBasics.SeleniumBasicConcepts.Chapter3_AllAnotations -->
