<?xml version="1.0" encoding="UTF-8"?>
<!-- Generated by org.testng.reporters.JUnitReportReporter -->
<testsuite hostname="LAPTOP-E6SRQGTN" failures="0" tests="4" name="Kamal.JavaSeleniumBasics.SeleniumBasicConcepts.Chapter7_UI_Testing" time="0.748" errors="0" timestamp="2025-12-31T08:20:36 IST" skipped="0">
  <testcase classname="Kamal.JavaSeleniumBasics.SeleniumBasicConcepts.Chapter7_UI_Testing" name="testRadoButton" time="0.113"/>
  <testcase classname="Kamal.JavaSeleniumBasics.SeleniumBasicConcepts.Chapter7_UI_Testing" name="testCheckBox" time="0.269"/>
  <testcase classname="Kamal.JavaSeleniumBasics.SeleniumBasicConcepts.Chapter7_UI_Testing" name="testSingleTextDropdown" time="0.158"/>
  <testcase classname="Kamal.JavaSeleniumBasics.SeleniumBasicConcepts.Chapter7_UI_Testing" name="testMultipleSelectDropdown" time="0.208"/>
</testsuite> <!-- Kamal.JavaSeleniumBasics.SeleniumBasicConcepts.Chapter7_UI_Testing -->
