<?xml version="1.0" encoding="UTF-8"?>
<!-- Generated by org.testng.reporters.JUnitReportReporter -->
<testsuite hostname="LAPTOP-E6SRQGTN" failures="0" tests="3" name="Kamal.JavaSeleniumBasics.SeleniumWebDrivers.Chapter2_CrossBrowserTesting" time="17.840" errors="0" timestamp="2025-11-03T17:56:47 IST" skipped="0">
  <testcase classname="Kamal.JavaSeleniumBasics.SeleniumWebDrivers.Chapter2_CrossBrowserTesting" name="openChrome" time="4.472"/>
  <testcase classname="Kamal.JavaSeleniumBasics.SeleniumWebDrivers.Chapter2_CrossBrowserTesting" name="openEdge" time="2.751"/>
  <testcase classname="Kamal.JavaSeleniumBasics.SeleniumWebDrivers.Chapter2_CrossBrowserTesting" name="openFirefox" time="10.617"/>
</testsuite> <!-- Kamal.JavaSeleniumBasics.SeleniumWebDrivers.Chapter2_CrossBrowserTesting -->
