<?xml version="1.0" encoding="UTF-8"?>
<!-- Generated by org.testng.reporters.JUnitReportReporter -->
<testsuite hostname="LAPTOP-E6SRQGTN" failures="0" tests="5" name="Kamal.JavaSeleniumBasics.SeleniumWebDrivers.Chapter3_AllAnotations" time="0.019" errors="0" timestamp="2025-11-13T07:49:42 IST" skipped="1">
  <testcase classname="Kamal.JavaSeleniumBasics.SeleniumWebDrivers.Chapter3_AllAnotations" name="test3" time="0.011"/>
  <testcase classname="Kamal.JavaSeleniumBasics.SeleniumWebDrivers.Chapter3_AllAnotations" name="test5" time="0.002"/>
  <testcase classname="Kamal.JavaSeleniumBasics.SeleniumWebDrivers.Chapter3_AllAnotations" name="test1" time="0.004"/>
  <testcase classname="Kamal.JavaSeleniumBasics.SeleniumWebDrivers.Chapter3_AllAnotations" name="test4" time="0.002"/>
  <testcase classname="Kamal.JavaSeleniumBasics.SeleniumWebDrivers.Chapter3_AllAnotations" name="test2">
    <skipped/>
  </testcase> <!-- test2 -->
</testsuite> <!-- Kamal.JavaSeleniumBasics.SeleniumWebDrivers.Chapter3_AllAnotations -->
