<?xml version="1.0" encoding="UTF-8"?>
<!-- Generated by org.testng.reporters.JUnitReportReporter -->
<testsuite hostname="LAPTOP-E6SRQGTN" failures="0" tests="3" name="Kamal.JavaSeleniumBasics.SeleniumBasicConcepts.Chapter2_CrossBrowserTesting" time="11.991" errors="0" timestamp="2025-12-29T08:06:39 IST" skipped="0">
  <testcase classname="Kamal.JavaSeleniumBasics.SeleniumBasicConcepts.Chapter2_CrossBrowserTesting" name="openFirefox" time="6.540"/>
  <testcase classname="Kamal.JavaSeleniumBasics.SeleniumBasicConcepts.Chapter2_CrossBrowserTesting" name="openEdge" time="2.690"/>
  <testcase classname="Kamal.JavaSeleniumBasics.SeleniumBasicConcepts.Chapter2_CrossBrowserTesting" name="openChrome" time="2.761"/>
</testsuite> <!-- Kamal.JavaSeleniumBasics.SeleniumBasicConcepts.Chapter2_CrossBrowserTesting -->
