<?xml version="1.0" encoding="UTF-8"?>
<!-- Generated by org.testng.reporters.JUnitReportReporter -->
<testsuite hostname="LAPTOP-E6SRQGTN" failures="0" tests="3" name="Kamal.JavaSeleniumBasics.SeleniumWebDrivers.Chapter2_CrossBrowserTesting" time="103.743" errors="0" timestamp="2025-11-12T09:32:19 IST" skipped="0">
  <testcase classname="Kamal.JavaSeleniumBasics.SeleniumWebDrivers.Chapter2_CrossBrowserTesting" name="openFirefox" time="34.953"/>
  <testcase classname="Kamal.JavaSeleniumBasics.SeleniumWebDrivers.Chapter2_CrossBrowserTesting" name="openChrome" time="25.712"/>
  <testcase classname="Kamal.JavaSeleniumBasics.SeleniumWebDrivers.Chapter2_CrossBrowserTesting" name="openEdge" time="43.078"/>
</testsuite> <!-- Kamal.JavaSeleniumBasics.SeleniumWebDrivers.Chapter2_CrossBrowserTesting -->
