<?xml version="1.0" encoding="UTF-8"?>
<!-- Generated by org.testng.reporters.JUnitReportReporter -->
<testsuite hostname="LAPTOP-E6SRQGTN" failures="0" tests="1" name="Kamal.JavaSeleniumBasics.SeleniumBasicConcepts.Chapter6_TypesOfAssertion" time="0.023" errors="0" timestamp="2025-11-20T17:03:48 IST" skipped="0">
  <testcase classname="Kamal.JavaSeleniumBasics.SeleniumBasicConcepts.Chapter6_TypesOfAssertion" name="TypesOfSoftAssertion" time="0.023"/>
</testsuite> <!-- Kamal.JavaSeleniumBasics.SeleniumBasicConcepts.Chapter6_TypesOfAssertion -->
