<?xml version="1.0" encoding="UTF-8"?>
<!-- Generated by org.testng.reporters.JUnitReportReporter -->
<testsuite hostname="LAPTOP-E6SRQGTN" failures="0" tests="2" name="Kamal.JavaSeleniumBasics.SeleniumBasicConcepts.Chapter8_MouseActions" time="5.805" errors="0" timestamp="2026-01-03T14:39:54 IST" skipped="0">
  <testcase classname="Kamal.JavaSeleniumBasics.SeleniumBasicConcepts.Chapter8_MouseActions" name="doubleClick" time="3.876"/>
  <testcase classname="Kamal.JavaSeleniumBasics.SeleniumBasicConcepts.Chapter8_MouseActions" name="rightClick" time="1.929"/>
</testsuite> <!-- Kamal.JavaSeleniumBasics.SeleniumBasicConcepts.Chapter8_MouseActions -->
