<?xml version="1.0" encoding="UTF-8"?>
<!-- Generated by org.testng.reporters.JUnitReportReporter -->
<testsuite hostname="LAPTOP-E6SRQGTN" failures="0" tests="1" name="Kamal.JavaSeleniumBasics.SeleniumBasicConcepts.Chapter9_KeywordActions" time="0.906" errors="0" timestamp="2026-01-03T15:26:39 IST" skipped="0">
  <testcase classname="Kamal.JavaSeleniumBasics.SeleniumBasicConcepts.Chapter9_KeywordActions" name="performKeywordActions" time="0.906"/>
</testsuite> <!-- Kamal.JavaSeleniumBasics.SeleniumBasicConcepts.Chapter9_KeywordActions -->
