<?xml version="1.0" encoding="UTF-8"?>
<!-- Generated by org.testng.reporters.JUnitReportReporter -->
<testsuite hostname="LAPTOP-E6SRQGTN" failures="0" tests="2" name="Kamal.JavaSeleniumBasics.SeleniumBasicConcepts.Chapter11_Alert" time="0.478" errors="0" timestamp="2026-01-03T15:46:43 IST" skipped="0">
  <testcase classname="Kamal.JavaSeleniumBasics.SeleniumBasicConcepts.Chapter11_Alert" name="handleAlert" time="0.207"/>
  <testcase classname="Kamal.JavaSeleniumBasics.SeleniumBasicConcepts.Chapter11_Alert" name="handleConfirmAlert" time="0.271"/>
</testsuite> <!-- Kamal.JavaSeleniumBasics.SeleniumBasicConcepts.Chapter11_Alert -->
