<?xml version="1.0" encoding="UTF-8"?>
<!-- Generated by org.testng.reporters.JUnitReportReporter -->
<testsuite hostname="LAPTOP-E6SRQGTN" failures="0" tests="1" name="Kamal.JavaSeleniumBasics.SeleniumWebDrivers.Chapter5_Assertions" time="0.040" errors="0" timestamp="2025-11-13T08:03:24 IST" skipped="0">
  <testcase classname="Kamal.JavaSeleniumBasics.SeleniumWebDrivers.Chapter5_Assertions" name="softAssertion" time="0.040"/>
</testsuite> <!-- Kamal.JavaSeleniumBasics.SeleniumWebDrivers.Chapter5_Assertions -->
