<?xml version="1.0" encoding="UTF-8"?>
<!-- Generated by org.testng.reporters.JUnitReportReporter -->
<testsuite hostname="LAPTOP-E6SRQGTN" failures="0" tests="5" name="Kamal.JavaSeleniumBasics.SeleniumBasicConcepts.Chapter3_AllAnotations" time="0.267" errors="0" timestamp="2025-11-19T18:19:10 IST" skipped="1">
  <testcase classname="Kamal.JavaSeleniumBasics.SeleniumBasicConcepts.Chapter3_AllAnotations" name="test3" time="0.125"/>
  <testcase classname="Kamal.JavaSeleniumBasics.SeleniumBasicConcepts.Chapter3_AllAnotations" name="test5" time="0.072"/>
  <testcase classname="Kamal.JavaSeleniumBasics.SeleniumBasicConcepts.Chapter3_AllAnotations" name="test1" time="0.040"/>
  <testcase classname="Kamal.JavaSeleniumBasics.SeleniumBasicConcepts.Chapter3_AllAnotations" name="test4" time="0.030"/>
  <testcase classname="Kamal.JavaSeleniumBasics.SeleniumBasicConcepts.Chapter3_AllAnotations" name="test2">
    <skipped/>
  </testcase> <!-- test2 -->
</testsuite> <!-- Kamal.JavaSeleniumBasics.SeleniumBasicConcepts.Chapter3_AllAnotations -->
