<?xml version="1.0" encoding="UTF-8"?>
<!-- Generated by org.testng.reporters.JUnitReportReporter -->
<testsuite hostname="LAPTOP-E6SRQGTN" failures="0" tests="1" name="Kamal.JavaSeleniumBasics.SeleniumBasicConcepts.Chapter1_LaunchChromeBrowser" time="18.868" errors="0" timestamp="2025-11-19T18:03:33 IST" skipped="0">
  <testcase classname="Kamal.JavaSeleniumBasics.SeleniumBasicConcepts.Chapter1_LaunchChromeBrowser" name="openBrowser" time="18.868"/>
</testsuite> <!-- Kamal.JavaSeleniumBasics.SeleniumBasicConcepts.Chapter1_LaunchChromeBrowser -->
