<?xml version="1.0" encoding="UTF-8"?>
<!-- Generated by org.testng.reporters.JUnitReportReporter -->
<testsuite hostname="LAPTOP-E6SRQGTN" failures="0" tests="4" name="Kamal.JavaSeleniumBasics.SeleniumBasicConcepts.Chapter4_DataProvider" time="0.024" errors="0" timestamp="2025-12-29T08:11:07 IST" skipped="0">
  <testcase classname="Kamal.JavaSeleniumBasics.SeleniumBasicConcepts.Chapter4_DataProvider" name="UserLogin" time="0.010"/>
  <testcase classname="Kamal.JavaSeleniumBasics.SeleniumBasicConcepts.Chapter4_DataProvider" name="UserLogin" time="0.003"/>
  <testcase classname="Kamal.JavaSeleniumBasics.SeleniumBasicConcepts.Chapter4_DataProvider" name="UserLogin" time="0.010"/>
  <testcase classname="Kamal.JavaSeleniumBasics.SeleniumBasicConcepts.Chapter4_DataProvider" name="UserLogin" time="0.001"/>
</testsuite> <!-- Kamal.JavaSeleniumBasics.SeleniumBasicConcepts.Chapter4_DataProvider -->
