<?xml version="1.0" encoding="UTF-8"?>
<!-- Generated by org.testng.reporters.JUnitReportReporter -->
<testsuite hostname="LAPTOP-E6SRQGTN" failures="0" tests="3" name="Kamal.JavaSeleniumBasics.SeleniumBasicConcepts.Chapter2_CrossBrowserTesting" time="59.201" errors="0" timestamp="2025-11-19T18:17:49 IST" skipped="0">
  <testcase classname="Kamal.JavaSeleniumBasics.SeleniumBasicConcepts.Chapter2_CrossBrowserTesting" name="openChrome" time="13.776"/>
  <testcase classname="Kamal.JavaSeleniumBasics.SeleniumBasicConcepts.Chapter2_CrossBrowserTesting" name="openEdge" time="15.355"/>
  <testcase classname="Kamal.JavaSeleniumBasics.SeleniumBasicConcepts.Chapter2_CrossBrowserTesting" name="openFirefox" time="30.070"/>
</testsuite> <!-- Kamal.JavaSeleniumBasics.SeleniumBasicConcepts.Chapter2_CrossBrowserTesting -->
