<?xml version="1.0" encoding="UTF-8"?>
<!-- Generated by org.testng.reporters.JUnitReportReporter -->
<testsuite hostname="LAPTOP-E6SRQGTN" failures="0" tests="1" name="Kamal.JavaSeleniumBasics.NoPageFactory.ValidateLoginTestWithoutPageFactory" time="5.723" errors="0" timestamp="2026-01-03T18:21:19 IST" skipped="0">
  <testcase classname="Kamal.JavaSeleniumBasics.NoPageFactory.ValidateLoginTestWithoutPageFactory" name="ValidateLoginTest" time="5.723"/>
</testsuite> <!-- Kamal.JavaSeleniumBasics.NoPageFactory.ValidateLoginTestWithoutPageFactory -->
