<?xml version="1.0" encoding="UTF-8"?>
<!-- Generated by org.testng.reporters.JUnitReportReporter -->
<testsuite hostname="LAPTOP-E6SRQGTN" failures="0" tests="1" name="Kamal.JavaSeleniumBasics.SeleniumBasicConcepts.Chapter13_Frames" time="0.218" errors="0" timestamp="2026-01-03T17:19:01 IST" skipped="0">
  <testcase classname="Kamal.JavaSeleniumBasics.SeleniumBasicConcepts.Chapter13_Frames" name="handleIFrame" time="0.218"/>
</testsuite> <!-- Kamal.JavaSeleniumBasics.SeleniumBasicConcepts.Chapter13_Frames -->
