<?xml version="1.0" encoding="UTF-8"?>
<!-- Generated by org.testng.reporters.JUnitReportReporter -->
<testsuite hostname="LAPTOP-E6SRQGTN" failures="0" tests="1" name="Kamal.JavaSeleniumBasics.SeleniumBasicConcepts.UI_Testing" time="0.145" errors="0" timestamp="2025-12-31T08:10:24 IST" skipped="0">
  <testcase classname="Kamal.JavaSeleniumBasics.SeleniumBasicConcepts.UI_Testing" name="testRadoButton" time="0.145"/>
</testsuite> <!-- Kamal.JavaSeleniumBasics.SeleniumBasicConcepts.UI_Testing -->
