<?xml version="1.0" encoding="UTF-8"?>
<!-- Generated by org.testng.reporters.JUnitReportReporter -->
<testsuite hostname="LAPTOP-E6SRQGTN" failures="0" tests="1" name="Kamal.JavaSeleniumBasics.SeleniumWebDrivers.Chapter1_LaunchChromeBrowser" time="4.129" errors="0" timestamp="2025-11-03T16:52:04 IST" skipped="0">
  <testcase classname="Kamal.JavaSeleniumBasics.SeleniumWebDrivers.Chapter1_LaunchChromeBrowser" name="openBrowser" time="4.129"/>
</testsuite> <!-- Kamal.JavaSeleniumBasics.SeleniumWebDrivers.Chapter1_LaunchChromeBrowser -->
