<?xml version="1.0" encoding="UTF-8"?>
<!-- Generated by org.testng.reporters.JUnitReportReporter -->
<testsuite hostname="LAPTOP-E6SRQGTN" failures="0" tests="1" name="Kamal.JavaSeleniumBasics.SeleniumWebDrivers.Chapter0_TestBasics" time="0.014" errors="0" timestamp="2025-11-13T07:59:55 IST" skipped="0">
  <testcase classname="Kamal.JavaSeleniumBasics.SeleniumWebDrivers.Chapter0_TestBasics" name="BasicTest" time="0.014"/>
</testsuite> <!-- Kamal.JavaSeleniumBasics.SeleniumWebDrivers.Chapter0_TestBasics -->
