<?xml version="1.0" encoding="UTF-8"?>
<testng-results ignored="0" total="1" passed="1" failed="0" skipped="0">
  <reporter-output>
  </reporter-output>
  <suite started-at="2026-01-03T18:21:13 IST" name="Default suite" finished-at="2026-01-03T18:21:19 IST" duration-ms="5776">
    <groups>
    </groups>
    <test started-at="2026-01-03T18:21:13 IST" name="Default test" finished-at="2026-01-03T18:21:19 IST" duration-ms="5776">
      <class name="Kamal.JavaSeleniumBasics.NoPageFactory.ValidateLoginTestWithoutPageFactory">
        <test-method signature="ValidateLoginTest()[pri:0, instance:Kamal.JavaSeleniumBasics.NoPageFactory.ValidateLoginTestWithoutPageFactory@411f53a0]" started-at="2026-01-03T18:21:13 IST" name="ValidateLoginTest" finished-at="2026-01-03T18:21:19 IST" duration-ms="5723" status="PASS">
          <reporter-output>
          </reporter-output>
        </test-method> <!-- ValidateLoginTest -->
      </class> <!-- Kamal.JavaSeleniumBasics.NoPageFactory.ValidateLoginTestWithoutPageFactory -->
    </test> <!-- Default test -->
  </suite> <!-- Default suite -->
</testng-results>
