<?xml version="1.0" encoding="UTF-8"?>
<!-- Generated by org.testng.reporters.JUnitXMLReporter -->
<testsuite ignored="4" hostname="LAPTOP-E6SRQGTN" failures="0" tests="3" name="BasicTest" time="0.086" errors="0" timestamp="2025-12-29T08:07:59 IST">
  <testcase classname="testNG_Suite.Class2" name="test1" time="0.006"/>
  <testcase classname="testNG_Suite.Class2" name="test3" time="0.001"/>
  <testcase classname="testNG_Suite.Class1" name="test" time="0.002"/>
  <testcase classname="testNG_Suite.Class2" name="test4" time="0.0">
    <ignored/>
  </testcase> <!-- test4 -->
  <testcase classname="testNG_Suite.Class2" name="test5" time="0.0">
    <ignored/>
  </testcase> <!-- test5 -->
  <testcase classname="testNG_Suite.Class2" name="test2" time="0.0">
    <ignored/>
  </testcase> <!-- test2 -->
  <testcase classname="testNG_Suite.Class2" name="test6" time="0.0">
    <ignored/>
  </testcase> <!-- test6 -->
</testsuite> <!-- BasicTest -->
