<?xml version="1.0" encoding="UTF-8"?>
<!-- Generated by org.testng.reporters.JUnitXMLReporter -->
<testsuite ignored="0" hostname="LAPTOP-E6SRQGTN" failures="0" tests="4" name="Default test" time="0.125" errors="0" timestamp="2025-11-19T18:21:11 IST">
  <testcase classname="Kamal.JavaSeleniumBasics.SeleniumBasicConcepts.Chapter4_DataProvider" name="UserLogin" time="0.016"/>
  <testcase classname="Kamal.JavaSeleniumBasics.SeleniumBasicConcepts.Chapter4_DataProvider" name="UserLogin" time="0.002"/>
  <testcase classname="Kamal.JavaSeleniumBasics.SeleniumBasicConcepts.Chapter4_DataProvider" name="UserLogin" time="0.001"/>
  <testcase classname="Kamal.JavaSeleniumBasics.SeleniumBasicConcepts.Chapter4_DataProvider" name="UserLogin" time="0.01"/>
</testsuite> <!-- Default test -->
