<?xml version="1.0" encoding="UTF-8"?>
<!-- Generated by org.testng.reporters.JUnitXMLReporter -->
<testsuite ignored="0" hostname="LAPTOP-E6SRQGTN" failures="0" tests="3" name="Default test" time="17.919" errors="0" timestamp="2025-11-03T17:56:46 IST">
  <testcase classname="Kamal.JavaSeleniumBasics.SeleniumWebDrivers.Chapter2_CrossBrowserTesting" name="openChrome" time="4.472"/>
  <testcase classname="Kamal.JavaSeleniumBasics.SeleniumWebDrivers.Chapter2_CrossBrowserTesting" name="openEdge" time="2.751"/>
  <testcase classname="Kamal.JavaSeleniumBasics.SeleniumWebDrivers.Chapter2_CrossBrowserTesting" name="openFirefox" time="10.617"/>
</testsuite> <!-- Default test -->
